/home/jgomez/desarrollos/kakapo/scripts/../lib/Common.pm 73 log - (0) Attempting to connect to the Festival server.
/home/jgomez/desarrollos/kakapo/scripts/../lib/Common.pm 75 log - Successfully opened connection to Festival.
/home/jgomez/desarrollos/kakapo/scripts/../lib/File.pm 28 log - text/plain
/home/jgomez/desarrollos/kakapo/scripts/../lib/Kakapo.pm 173 log - Agarre /home/jgomez/desarrollos/kakapo/minitutorial_kapapo.txt
/home/jgomez/desarrollos/kakapo/scripts/../lib/Common.pm 73 log - (0) Attempting to connect to the Festival server.
/home/jgomez/desarrollos/kakapo/scripts/../lib/Common.pm 75 log - Successfully opened connection to Festival.
/home/jgomez/desarrollos/kakapo/scripts/../lib/File.pm 28 log - text/plain
/home/jgomez/desarrollos/kakapo/scripts/../lib/Kakapo.pm 173 log - File: /home/jgomez/desarrollos/kakapo/minitutorial_kapapo.txt
/home/jgomez/desarrollos/kakapo/scripts/../lib/Common.pm 85 log - (0) Attempting to connect to the Festival server.
/home/jgomez/desarrollos/kakapo/scripts/../lib/Common.pm 103 log - Failed to connect to Festival server, attempting to load it myself.
server    Tue Apr 17 16:47:43 2012 : Festival server started on port 1314
/home/jgomez/desarrollos/kakapo/scripts/../lib/Common.pm 85 log - (1) Attempting to connect to the Festival server.
/home/jgomez/desarrollos/kakapo/scripts/../lib/Common.pm 87 log - Successfully opened connection to Festival.
client(1) Tue Apr 17 16:47:44 2012 : accepted from localhost
client(1) Tue Apr 17 16:47:44 2012 : disconnected
client(2) Tue Apr 17 16:47:44 2012 : accepted from localhost
client(2) Tue Apr 17 16:47:44 2012 : disconnected
/home/jgomez/desarrollos/kakapo/scripts/../lib/Common.pm 85 log - (0) Attempting to connect to the Festival server.
client(3) Tue Apr 17 16:48:34 2012 : accepted from localhost
/home/jgomez/desarrollos/kakapo/scripts/../lib/Common.pm 87 log - Successfully opened connection to Festival.
client(3) Tue Apr 17 16:48:34 2012 : disconnected
client(4) Tue Apr 17 16:48:34 2012 : accepted from localhost
client(4) Tue Apr 17 16:48:34 2012 : disconnected
/home/jgomez/desarrollos/kakapo/scripts/../lib/Common.pm 85 log - (0) Attempting to connect to the Festival server.
client(5) Tue Apr 17 16:49:32 2012 : accepted from localhost
/home/jgomez/desarrollos/kakapo/scripts/../lib/Common.pm 87 log - Successfully opened connection to Festival.
client(6) Tue Apr 17 16:49:32 2012 : accepted from localhost
client(5) Tue Apr 17 16:49:32 2012 : disconnected
client(6) Tue Apr 17 16:49:32 2012 : disconnected
/home/jgomez/desarrollos/kakapo/scripts/../lib/Common.pm 84 log - (0) Attempting to connect to the Festival server.
/home/jgomez/desarrollos/kakapo/scripts/../lib/Common.pm 102 log - Failed to connect to Festival server, attempting to load it myself.
server    Tue Apr 17 16:49:47 2012 : Festival server started on port 1314
/home/jgomez/desarrollos/kakapo/scripts/../lib/Common.pm 84 log - (1) Attempting to connect to the Festival server.
/home/jgomez/desarrollos/kakapo/scripts/../lib/Common.pm 86 log - Successfully opened connection to Festival.
client(1) Tue Apr 17 16:49:48 2012 : accepted from localhost
client(1) Tue Apr 17 16:49:48 2012 : disconnected
client(2) Tue Apr 17 16:49:48 2012 : accepted from localhost
client(2) Tue Apr 17 16:49:48 2012 : disconnected
/home/jgomez/desarrollos/kakapo/scripts/../lib/Common.pm 84 log - (0) Attempting to connect to the Festival server.
client(3) Tue Apr 17 16:50:17 2012 : accepted from localhost
/home/jgomez/desarrollos/kakapo/scripts/../lib/Common.pm 86 log - Successfully opened connection to Festival.
client(4) Tue Apr 17 16:50:17 2012 : accepted from localhost
client(3) Tue Apr 17 16:50:17 2012 : disconnected
client(4) Tue Apr 17 16:50:18 2012 : disconnected
/home/jgomez/desarrollos/kakapo/scripts/../lib/Common.pm 84 log - (0) Attempting to connect to the Festival server.
/home/jgomez/desarrollos/kakapo/scripts/../lib/Common.pm 102 log - Failed to connect to Festival server, attempting to load it myself.
server    Tue Apr 17 16:50:23 2012 : Festival server started on port 1314
/home/jgomez/desarrollos/kakapo/scripts/../lib/Common.pm 84 log - (1) Attempting to connect to the Festival server.
/home/jgomez/desarrollos/kakapo/scripts/../lib/Common.pm 86 log - Successfully opened connection to Festival.
client(1) Tue Apr 17 16:50:24 2012 : accepted from localhost
client(1) Tue Apr 17 16:50:24 2012 : disconnected
client(2) Tue Apr 17 16:50:24 2012 : accepted from localhost
client(2) Tue Apr 17 16:50:24 2012 : disconnected
/home/jgomez/desarrollos/kakapo/scripts/../lib/Common.pm 84 log - (0) Attempting to connect to the Festival server.
client(3) Tue Apr 17 16:50:37 2012 : accepted from localhost
/home/jgomez/desarrollos/kakapo/scripts/../lib/Common.pm 86 log - Successfully opened connection to Festival.
client(3) Tue Apr 17 16:50:37 2012 : disconnected
client(4) Tue Apr 17 16:50:37 2012 : accepted from localhost
client(4) Tue Apr 17 16:50:37 2012 : disconnected
/home/jgomez/desarrollos/kakapo/scripts/../lib/Common.pm 85 log - (0) Attempting to connect to the Festival server.
client(5) Tue Apr 17 16:50:55 2012 : accepted from localhost
/home/jgomez/desarrollos/kakapo/scripts/../lib/Common.pm 87 log - Successfully opened connection to Festival.
client(6) Tue Apr 17 16:50:55 2012 : accepted from localhost
client(5) Tue Apr 17 16:50:55 2012 : disconnected
client(6) Tue Apr 17 16:50:55 2012 : disconnected
/home/jgomez/desarrollos/kakapo/scripts/../lib/Common.pm 84 log - (0) Attempting to connect to the Festival server.
/home/jgomez/desarrollos/kakapo/scripts/../lib/Common.pm 86 log - Successfully opened connection to Festival.
client(7) Tue Apr 17 16:51:18 2012 : accepted from localhost
client(7) Tue Apr 17 16:51:18 2012 : disconnected
client(8) Tue Apr 17 16:51:18 2012 : accepted from localhost
client(8) Tue Apr 17 16:51:18 2012 : disconnected
/home/jgomez/desarrollos/kakapo/scripts/../lib/Common.pm 85 log - (0) Attempting to connect to the Festival server.
client(9) Tue Apr 17 16:52:09 2012 : accepted from localhost
/home/jgomez/desarrollos/kakapo/scripts/../lib/Common.pm 87 log - Successfully opened connection to Festival.
client(9) Tue Apr 17 16:52:09 2012 : disconnected
client(10) Tue Apr 17 16:52:09 2012 : accepted from localhost
client(10) Tue Apr 17 16:52:09 2012 : disconnected
/home/jgomez/desarrollos/kakapo/scripts/../lib/Common.pm 85 log - (0) Attempting to connect to the Festival server.
/home/jgomez/desarrollos/kakapo/scripts/../lib/Common.pm 87 log - Successfully opened connection to Festival.
client(11) Tue Apr 17 16:52:22 2012 : accepted from localhost
client(11) Tue Apr 17 16:52:22 2012 : disconnected
client(12) Tue Apr 17 16:52:22 2012 : accepted from localhost
client(12) Tue Apr 17 16:52:23 2012 : disconnected
/home/jgomez/desarrollos/kakapo/scripts/../lib/Common.pm 85 log - (0) Attempting to connect to the Festival server.
/home/jgomez/desarrollos/kakapo/scripts/../lib/Common.pm 87 log - Successfully opened connection to Festival.
client(13) Tue Apr 17 16:54:17 2012 : accepted from localhost
client(13) Tue Apr 17 16:54:17 2012 : disconnected
client(14) Tue Apr 17 16:54:17 2012 : accepted from localhost
client(14) Tue Apr 17 16:54:17 2012 : disconnected
/home/jgomez/desarrollos/kakapo/scripts/../lib/File.pm 28 log - text/plain
/home/jgomez/desarrollos/kakapo/scripts/../lib/Kakapo.pm 173 log - File: /home/jgomez/desarrollos/kakapo/minitutorial_kapapo.txt
/home/jgomez/desarrollos/kakapo/scripts/../lib/Common.pm 85 log - (0) Attempting to connect to the Festival server.
client(15) Tue Apr 17 16:55:32 2012 : accepted from localhost
/home/jgomez/desarrollos/kakapo/scripts/../lib/Common.pm 87 log - Successfully opened connection to Festival.
client(15) Tue Apr 17 16:55:32 2012 : disconnected
client(16) Tue Apr 17 16:55:33 2012 : accepted from localhost
client(16) Tue Apr 17 16:55:33 2012 : disconnected
/home/jgomez/desarrollos/kakapo/scripts/../lib/Common.pm 85 log - (0) Attempting to connect to the Festival server.
/home/jgomez/desarrollos/kakapo/scripts/../lib/Common.pm 87 log - Successfully opened connection to Festival.
client(17) Tue Apr 17 16:56:01 2012 : accepted from localhost
client(18) Tue Apr 17 16:56:01 2012 : accepted from localhost
client(17) Tue Apr 17 16:56:01 2012 : disconnected
client(18) Tue Apr 17 16:56:01 2012 : disconnected
/home/jgomez/desarrollos/kakapo/scripts/../lib/Common.pm 85 log - (0) Attempting to connect to the Festival server.
client(19) Tue Apr 17 16:56:15 2012 : accepted from localhost
/home/jgomez/desarrollos/kakapo/scripts/../lib/Common.pm 87 log - Successfully opened connection to Festival.
client(20) Tue Apr 17 16:56:15 2012 : accepted from localhost
client(19) Tue Apr 17 16:56:15 2012 : disconnected
client(20) Tue Apr 17 16:56:15 2012 : disconnected
/home/jgomez/desarrollos/kakapo/scripts/../lib/File.pm 28 log - text/plain
/home/jgomez/desarrollos/kakapo/scripts/../lib/Kakapo.pm 173 log - File: /home/jgomez/desarrollos/kakapo/minitutorial_kapapo.txt
/home/jgomez/desarrollos/kakapo/scripts/../lib/Common.pm 85 log - (0) Attempting to connect to the Festival server.
client(21) Tue Apr 17 16:56:44 2012 : accepted from localhost
/home/jgomez/desarrollos/kakapo/scripts/../lib/Common.pm 87 log - Successfully opened connection to Festival.
client(21) Tue Apr 17 16:56:44 2012 : disconnected
client(22) Tue Apr 17 16:56:44 2012 : accepted from localhost
client(22) Tue Apr 17 16:56:44 2012 : disconnected
/home/jgomez/desarrollos/kakapo/scripts/../lib/File.pm 28 log - text/plain
/home/jgomez/desarrollos/kakapo/scripts/../lib/Kakapo.pm 173 log - File: /home/jgomez/desarrollos/kakapo/minitutorial_kapapo.txt
/home/jgomez/desarrollos/kakapo/scripts/../lib/Common.pm 85 log - (0) Attempting to connect to the Festival server.
/home/jgomez/desarrollos/kakapo/scripts/../lib/Common.pm 103 log - Failed to connect to Festival server, attempting to load it myself.
server    Tue Apr 17 16:59:13 2012 : Festival server started on port 1314
/home/jgomez/desarrollos/kakapo/scripts/../lib/Common.pm 85 log - (1) Attempting to connect to the Festival server.
client(1) Tue Apr 17 16:59:14 2012 : accepted from localhost
/home/jgomez/desarrollos/kakapo/scripts/../lib/Common.pm 87 log - Successfully opened connection to Festival.
client(2) Tue Apr 17 16:59:14 2012 : accepted from localhost
client(1) Tue Apr 17 16:59:14 2012 : disconnected
client(2) Tue Apr 17 16:59:14 2012 : disconnected
/home/jgomez/desarrollos/kakapo/scripts/../lib/File.pm 28 log - text/plain
/home/jgomez/desarrollos/kakapo/scripts/../lib/Kakapo.pm 173 log - File: /home/jgomez/desarrollos/kakapo/minitutorial_kapapo.txt
/home/jgomez/desarrollos/kakapo/scripts/../lib/File.pm 28 log - text/plain
/home/jgomez/desarrollos/kakapo/scripts/../lib/Kakapo.pm 173 log - File: /home/jgomez/desarrollos/kakapo/minitutorial_kapapo.txt
/home/jgomez/desarrollos/kakapo/scripts/../lib/Common.pm 85 log - (0) Attempting to connect to the Festival server.
client(3) Tue Apr 17 17:01:29 2012 : accepted from localhost
/home/jgomez/desarrollos/kakapo/scripts/../lib/Common.pm 87 log - Successfully opened connection to Festival.
client(4) Tue Apr 17 17:01:29 2012 : accepted from localhost
client(3) Tue Apr 17 17:01:29 2012 : disconnected
client(4) Tue Apr 17 17:01:29 2012 : disconnected
/home/jgomez/desarrollos/kakapo/scripts/../lib/Common.pm 85 log - (0) Attempting to connect to the Festival server.
client(5) Tue Apr 17 17:01:46 2012 : accepted from localhost
/home/jgomez/desarrollos/kakapo/scripts/../lib/Common.pm 87 log - Successfully opened connection to Festival.
client(5) Tue Apr 17 17:01:46 2012 : disconnected
client(6) Tue Apr 17 17:01:46 2012 : accepted from localhost
client(6) Tue Apr 17 17:01:46 2012 : disconnected
/home/jgomez/desarrollos/kakapo/scripts/../lib/Common.pm 85 log - (0) Attempting to connect to the Festival server.
client(7) Tue Apr 17 17:02:02 2012 : accepted from localhost
/home/jgomez/desarrollos/kakapo/scripts/../lib/Common.pm 87 log - Successfully opened connection to Festival.
client(8) Tue Apr 17 17:02:02 2012 : accepted from localhost
client(7) Tue Apr 17 17:02:02 2012 : disconnected
client(8) Tue Apr 17 17:02:02 2012 : disconnected
/home/jgomez/desarrollos/kakapo/scripts/../lib/Common.pm 85 log - (0) Attempting to connect to the Festival server.
client(9) Tue Apr 17 17:02:33 2012 : accepted from localhost
/home/jgomez/desarrollos/kakapo/scripts/../lib/Common.pm 87 log - Successfully opened connection to Festival.
client(10) Tue Apr 17 17:02:33 2012 : accepted from localhost
client(9) Tue Apr 17 17:02:33 2012 : disconnected
client(10) Tue Apr 17 17:02:33 2012 : disconnected
/home/jgomez/desarrollos/kakapo/scripts/../lib/File.pm 28 log - text/plain
/home/jgomez/desarrollos/kakapo/scripts/../lib/Kakapo.pm 173 log - File: /home/jgomez/desarrollos/kakapo/minitutorial_kapapo.txt
/home/jgomez/desarrollos/kakapo/scripts/../lib/Common.pm 85 log - (0) Attempting to connect to the Festival server.
client(11) Tue Apr 17 17:03:06 2012 : accepted from localhost
/home/jgomez/desarrollos/kakapo/scripts/../lib/Common.pm 87 log - Successfully opened connection to Festival.
client(12) Tue Apr 17 17:03:06 2012 : accepted from localhost
client(11) Tue Apr 17 17:03:06 2012 : disconnected
client(12) Tue Apr 17 17:03:06 2012 : disconnected
/home/jgomez/desarrollos/kakapo/scripts/../lib/Common.pm 85 log - (0) Attempting to connect to the Festival server.
client(13) Tue Apr 17 17:05:27 2012 : accepted from localhost
/home/jgomez/desarrollos/kakapo/scripts/../lib/Common.pm 87 log - Successfully opened connection to Festival.
client(13) Tue Apr 17 17:05:27 2012 : disconnected
client(14) Tue Apr 17 17:05:27 2012 : accepted from localhost
client(14) Tue Apr 17 17:05:27 2012 : disconnected
/home/jgomez/desarrollos/kakapo/scripts/../lib/Common.pm 85 log - (0) Attempting to connect to the Festival server.
client(15) Tue Apr 17 17:08:06 2012 : accepted from localhost
/home/jgomez/desarrollos/kakapo/scripts/../lib/Common.pm 87 log - Successfully opened connection to Festival.
client(16) Tue Apr 17 17:08:06 2012 : accepted from localhost
client(15) Tue Apr 17 17:08:06 2012 : disconnected
client(16) Tue Apr 17 17:08:06 2012 : disconnected
/home/jgomez/desarrollos/kakapo/scripts/../lib/Common.pm 85 log - (0) Attempting to connect to the Festival server.
client(17) Tue Apr 17 17:09:44 2012 : accepted from localhost
/home/jgomez/desarrollos/kakapo/scripts/../lib/Common.pm 87 log - Successfully opened connection to Festival.
client(17) Tue Apr 17 17:09:44 2012 : disconnected
client(18) Tue Apr 17 17:09:44 2012 : accepted from localhost
client(18) Tue Apr 17 17:09:44 2012 : disconnected
/home/jgomez/desarrollos/kakapo/scripts/../lib/Common.pm 85 log - (0) Attempting to connect to the Festival server.
/home/jgomez/desarrollos/kakapo/scripts/../lib/Common.pm 103 log - Failed to connect to Festival server, attempting to load it myself.
server    Tue Apr 17 17:11:48 2012 : Festival server started on port 1314
/home/jgomez/desarrollos/kakapo/scripts/../lib/Common.pm 85 log - (1) Attempting to connect to the Festival server.
/home/jgomez/desarrollos/kakapo/scripts/../lib/Common.pm 87 log - Successfully opened connection to Festival.
client(1) Tue Apr 17 17:11:49 2012 : accepted from localhost
client(1) Tue Apr 17 17:11:49 2012 : disconnected
client(2) Tue Apr 17 17:11:49 2012 : accepted from localhost
client(2) Tue Apr 17 17:11:49 2012 : disconnected
/home/jgomez/desarrollos/kakapo/scripts/../lib/Common.pm 85 log - (0) Attempting to connect to the Festival server.
/home/jgomez/desarrollos/kakapo/scripts/../lib/Common.pm 103 log - Failed to connect to Festival server, attempting to load it myself.
server    Tue Apr 17 17:17:17 2012 : Festival server started on port 1314
/home/jgomez/desarrollos/kakapo/scripts/../lib/Common.pm 85 log - (1) Attempting to connect to the Festival server.
/home/jgomez/desarrollos/kakapo/scripts/../lib/Common.pm 87 log - Successfully opened connection to Festival.
client(1) Tue Apr 17 17:17:18 2012 : accepted from localhost
client(2) Tue Apr 17 17:17:18 2012 : accepted from localhost
client(1) Tue Apr 17 17:17:18 2012 : disconnected
client(2) Tue Apr 17 17:17:18 2012 : disconnected
/home/jgomez/desarrollos/kakapo/scripts/../lib/File.pm 28 log - text/plain
/home/jgomez/desarrollos/kakapo/scripts/../lib/Kakapo.pm 173 log - File: /home/jgomez/desarrollos/kakapo/minitutorial_kapapo.txt
/home/jgomez/desarrollos/kakapo/scripts/../lib/Common.pm 85 log - (0) Attempting to connect to the Festival server.
client(3) Tue Apr 17 17:17:47 2012 : accepted from localhost
/home/jgomez/desarrollos/kakapo/scripts/../lib/Common.pm 87 log - Successfully opened connection to Festival.
client(3) Tue Apr 17 17:17:47 2012 : disconnected
client(4) Tue Apr 17 17:17:47 2012 : accepted from localhost
client(4) Tue Apr 17 17:17:47 2012 : disconnected
/home/jgomez/desarrollos/kakapo/scripts/../lib/File.pm 28 log - text/plain
/home/jgomez/desarrollos/kakapo/scripts/../lib/Kakapo.pm 173 log - File: /home/jgomez/desarrollos/kakapo/minitutorial_kapapo.txt
/home/jgomez/desarrollos/kakapo/scripts/../lib/Common.pm 85 log - (0) Attempting to connect to the Festival server.
/home/jgomez/desarrollos/kakapo/scripts/../lib/Common.pm 87 log - Successfully opened connection to Festival.
client(5) Tue Apr 17 17:18:35 2012 : accepted from localhost
client(5) Tue Apr 17 17:18:35 2012 : disconnected
client(6) Tue Apr 17 17:18:35 2012 : accepted from localhost
client(6) Tue Apr 17 17:18:35 2012 : disconnected
/home/jgomez/desarrollos/kakapo/scripts/../lib/File.pm 28 log - text/plain
/home/jgomez/desarrollos/kakapo/scripts/../lib/Kakapo.pm 173 log - File: /home/jgomez/desarrollos/kakapo/minitutorial_kapapo.txt
/home/jgomez/desarrollos/kakapo/scripts/../lib/Common.pm 85 log - (0) Attempting to connect to the Festival server.
client(7) Tue Apr 17 17:18:55 2012 : accepted from localhost
/home/jgomez/desarrollos/kakapo/scripts/../lib/Common.pm 87 log - Successfully opened connection to Festival.
client(8) Tue Apr 17 17:18:55 2012 : accepted from localhost
client(7) Tue Apr 17 17:18:55 2012 : disconnected
client(8) Tue Apr 17 17:18:55 2012 : disconnected
/home/jgomez/desarrollos/kakapo/scripts/../lib/File.pm 28 log - text/plain
/home/jgomez/desarrollos/kakapo/scripts/../lib/Kakapo.pm 173 log - File: /home/jgomez/desarrollos/kakapo/minitutorial_kapapo.txt
/home/jgomez/desarrollos/kakapo/scripts/../lib/Common.pm 85 log - (0) Attempting to connect to the Festival server.
client(9) Tue Apr 17 17:22:25 2012 : accepted from localhost
/home/jgomez/desarrollos/kakapo/scripts/../lib/Common.pm 87 log - Successfully opened connection to Festival.
client(10) Tue Apr 17 17:22:25 2012 : accepted from localhost
client(9) Tue Apr 17 17:22:25 2012 : disconnected
client(10) Tue Apr 17 17:22:25 2012 : disconnected
/home/jgomez/desarrollos/kakapo/scripts/../lib/File.pm 28 log - text/plain
/home/jgomez/desarrollos/kakapo/scripts/../lib/Kakapo.pm 173 log - File: /home/jgomez/desarrollos/kakapo/minitutorial_kapapo.txt
/home/jgomez/desarrollos/kakapo/scripts/../lib/Common.pm 85 log - (0) Attempting to connect to the Festival server.
client(11) Tue Apr 17 17:22:51 2012 : accepted from localhost
/home/jgomez/desarrollos/kakapo/scripts/../lib/Common.pm 87 log - Successfully opened connection to Festival.
client(12) Tue Apr 17 17:22:51 2012 : accepted from localhost
client(11) Tue Apr 17 17:22:51 2012 : disconnected
client(12) Tue Apr 17 17:22:51 2012 : disconnected
/home/jgomez/desarrollos/kakapo/scripts/../lib/File.pm 28 log - text/plain
/home/jgomez/desarrollos/kakapo/scripts/../lib/Kakapo.pm 173 log - File: /home/jgomez/desarrollos/kakapo/minitutorial_kapapo.txt
/home/jgomez/desarrollos/kakapo/scripts/../lib/Common.pm 85 log - (0) Attempting to connect to the Festival server.
/home/jgomez/desarrollos/kakapo/scripts/../lib/Common.pm 87 log - Successfully opened connection to Festival.
client(13) Tue Apr 17 17:24:23 2012 : accepted from localhost
client(13) Tue Apr 17 17:24:23 2012 : disconnected
client(14) Tue Apr 17 17:24:23 2012 : accepted from localhost
client(14) Tue Apr 17 17:24:23 2012 : disconnected
/home/jgomez/desarrollos/kakapo/scripts/../lib/File.pm 28 log - text/plain
/home/jgomez/desarrollos/kakapo/scripts/../lib/Kakapo.pm 173 log - File: /home/jgomez/desarrollos/kakapo/minitutorial_kapapo.txt
/home/jgomez/desarrollos/kakapo/scripts/../lib/Common.pm 85 log - (0) Attempting to connect to the Festival server.
client(15) Tue Apr 17 17:29:52 2012 : accepted from localhost
/home/jgomez/desarrollos/kakapo/scripts/../lib/Common.pm 87 log - Successfully opened connection to Festival.
client(15) Tue Apr 17 17:29:52 2012 : disconnected
client(16) Tue Apr 17 17:29:52 2012 : accepted from localhost
client(16) Tue Apr 17 17:29:52 2012 : disconnected
/home/jgomez/desarrollos/kakapo/scripts/../lib/File.pm 28 log - text/plain
/home/jgomez/desarrollos/kakapo/scripts/../lib/Kakapo.pm 173 log - File: /home/jgomez/desarrollos/kakapo/minitutorial_kapapo.txt
/home/jgomez/desarrollos/kakapo/scripts/../lib/Common.pm 85 log - (0) Attempting to connect to the Festival server.
client(17) Tue Apr 17 18:26:19 2012 : accepted from localhost
/home/jgomez/desarrollos/kakapo/scripts/../lib/Common.pm 87 log - Successfully opened connection to Festival.
client(18) Tue Apr 17 18:26:19 2012 : accepted from localhost
client(17) Tue Apr 17 18:26:19 2012 : disconnected
client(18) Tue Apr 17 18:26:19 2012 : disconnected
/home/jgomez/desarrollos/kakapo/scripts/../lib/File.pm 28 log - text/plain
/home/jgomez/desarrollos/kakapo/scripts/../lib/Kakapo.pm 173 log - File: /home/jgomez/desarrollos/kakapo/minitutorial_kapapo.txt
/home/jgomez/desarrollos/kakapo/scripts/../lib/Common.pm 85 log - (0) Attempting to connect to the Festival server.
client(19) Tue Apr 17 18:31:25 2012 : accepted from localhost
/home/jgomez/desarrollos/kakapo/scripts/../lib/Common.pm 87 log - Successfully opened connection to Festival.
client(19) Tue Apr 17 18:31:25 2012 : disconnected
client(20) Tue Apr 17 18:31:25 2012 : accepted from localhost
client(20) Tue Apr 17 18:31:25 2012 : disconnected
/home/jgomez/desarrollos/kakapo/scripts/../lib/File.pm 28 log - text/plain
/home/jgomez/desarrollos/kakapo/scripts/../lib/Kakapo.pm 173 log - File: /home/jgomez/desarrollos/kakapo/minitutorial_kapapo.txt
/home/jgomez/desarrollos/kakapo/scripts/../lib/Common.pm 85 log - (0) Attempting to connect to the Festival server.
client(21) Tue Apr 17 18:34:31 2012 : accepted from localhost
/home/jgomez/desarrollos/kakapo/scripts/../lib/Common.pm 87 log - Successfully opened connection to Festival.
client(22) Tue Apr 17 18:34:31 2012 : accepted from localhost
client(21) Tue Apr 17 18:34:31 2012 : disconnected
client(22) Tue Apr 17 18:34:31 2012 : disconnected
/home/jgomez/desarrollos/kakapo/scripts/../lib/File.pm 28 log - text/plain
/home/jgomez/desarrollos/kakapo/scripts/../lib/Kakapo.pm 173 log - File: /home/jgomez/desarrollos/kakapo/minitutorial_kapapo.txt
/home/jgomez/desarrollos/kakapo/scripts/../lib/Common.pm 85 log - (0) Attempting to connect to the Festival server.
client(23) Tue Apr 17 18:34:56 2012 : accepted from localhost
/home/jgomez/desarrollos/kakapo/scripts/../lib/Common.pm 87 log - Successfully opened connection to Festival.
client(23) Tue Apr 17 18:34:56 2012 : disconnected
client(24) Tue Apr 17 18:34:56 2012 : accepted from localhost
client(24) Tue Apr 17 18:34:57 2012 : disconnected
/home/jgomez/desarrollos/kakapo/scripts/../lib/File.pm 28 log - text/plain
/home/jgomez/desarrollos/kakapo/scripts/../lib/Kakapo.pm 173 log - File: /home/jgomez/desarrollos/kakapo/minitutorial_kapapo.txt
/home/jgomez/desarrollos/kakapo/scripts/../lib/Common.pm 85 log - (0) Attempting to connect to the Festival server.
client(25) Tue Apr 17 18:35:25 2012 : accepted from localhost
/home/jgomez/desarrollos/kakapo/scripts/../lib/Common.pm 87 log - Successfully opened connection to Festival.
client(25) Tue Apr 17 18:35:25 2012 : disconnected
client(26) Tue Apr 17 18:35:25 2012 : accepted from localhost
client(26) Tue Apr 17 18:35:25 2012 : disconnected
/home/jgomez/desarrollos/kakapo/scripts/../lib/File.pm 28 log - text/plain
/home/jgomez/desarrollos/kakapo/scripts/../lib/Kakapo.pm 173 log - File: /home/jgomez/desarrollos/kakapo/minitutorial_kapapo.txt
/home/jgomez/desarrollos/kakapo/scripts/../lib/Common.pm 85 log - (0) Attempting to connect to the Festival server.
/home/jgomez/desarrollos/kakapo/scripts/../lib/Common.pm 87 log - Successfully opened connection to Festival.
client(27) Tue Apr 17 18:41:51 2012 : accepted from localhost
client(27) Tue Apr 17 18:41:51 2012 : disconnected
client(28) Tue Apr 17 18:41:51 2012 : accepted from localhost
client(28) Tue Apr 17 18:41:51 2012 : disconnected
/home/jgomez/desarrollos/kakapo/scripts/../lib/File.pm 28 log - text/plain
/home/jgomez/desarrollos/kakapo/scripts/../lib/Kakapo.pm 173 log - File: /home/jgomez/desarrollos/kakapo/minitutorial_kapapo.txt
/home/jgomez/desarrollos/kakapo/scripts/../lib/Common.pm 85 log - (0) Attempting to connect to the Festival server.
/home/jgomez/desarrollos/kakapo/scripts/../lib/Common.pm 87 log - Successfully opened connection to Festival.
client(29) Tue Apr 17 18:47:27 2012 : accepted from localhost
client(29) Tue Apr 17 18:47:27 2012 : disconnected
client(30) Tue Apr 17 18:47:27 2012 : accepted from localhost
client(30) Tue Apr 17 18:47:27 2012 : disconnected
/home/jgomez/desarrollos/kakapo/scripts/../lib/File.pm 28 log - text/plain
/home/jgomez/desarrollos/kakapo/scripts/../lib/Kakapo.pm 173 log - File: /home/jgomez/desarrollos/kakapo/minitutorial_kapapo.txt
/home/jgomez/desarrollos/kakapo/scripts/../lib/Common.pm 85 log - (0) Attempting to connect to the Festival server.
client(31) Tue Apr 17 18:58:24 2012 : accepted from localhost
/home/jgomez/desarrollos/kakapo/scripts/../lib/Common.pm 87 log - Successfully opened connection to Festival.
client(32) Tue Apr 17 18:58:24 2012 : accepted from localhost
client(31) Tue Apr 17 18:58:24 2012 : disconnected
client(32) Tue Apr 17 18:58:24 2012 : disconnected
/home/jgomez/desarrollos/kakapo/scripts/../lib/File.pm 28 log - text/plain
/home/jgomez/desarrollos/kakapo/scripts/../lib/Kakapo.pm 173 log - File: /home/jgomez/desarrollos/kakapo/minitutorial_kapapo.txt
/home/jgomez/desarrollos/kakapo/scripts/../lib/Common.pm 85 log - (0) Attempting to connect to the Festival server.
/home/jgomez/desarrollos/kakapo/scripts/../lib/Common.pm 87 log - Successfully opened connection to Festival.
client(33) Tue Apr 17 19:01:40 2012 : accepted from localhost
client(33) Tue Apr 17 19:01:40 2012 : disconnected
client(34) Tue Apr 17 19:01:40 2012 : accepted from localhost
client(34) Tue Apr 17 19:01:40 2012 : disconnected
/home/jgomez/desarrollos/kakapo/scripts/../lib/File.pm 28 log - text/plain
/home/jgomez/desarrollos/kakapo/scripts/../lib/Kakapo.pm 173 log - File: /home/jgomez/desarrollos/kakapo/minitutorial_kapapo.txt
/home/jgomez/desarrollos/kakapo/scripts/../lib/Common.pm 85 log - (0) Attempting to connect to the Festival server.
client(35) Tue Apr 17 19:04:48 2012 : accepted from localhost
/home/jgomez/desarrollos/kakapo/scripts/../lib/Common.pm 87 log - Successfully opened connection to Festival.
client(35) Tue Apr 17 19:04:48 2012 : disconnected
client(36) Tue Apr 17 19:04:48 2012 : accepted from localhost
client(36) Tue Apr 17 19:04:48 2012 : disconnected
/home/jgomez/desarrollos/kakapo/scripts/../lib/File.pm 28 log - text/plain
/home/jgomez/desarrollos/kakapo/scripts/../lib/Kakapo.pm 173 log - File: /home/jgomez/desarrollos/kakapo/minitutorial_kapapo.txt
/home/jgomez/desarrollos/kakapo/scripts/../lib/Common.pm 85 log - (0) Attempting to connect to the Festival server.
client(37) Tue Apr 17 19:05:17 2012 : accepted from localhost
/home/jgomez/desarrollos/kakapo/scripts/../lib/Common.pm 87 log - Successfully opened connection to Festival.
client(37) Tue Apr 17 19:05:17 2012 : disconnected
client(38) Tue Apr 17 19:05:17 2012 : accepted from localhost
client(38) Tue Apr 17 19:05:17 2012 : disconnected
/home/jgomez/desarrollos/kakapo/scripts/../lib/File.pm 28 log - text/plain
/home/jgomez/desarrollos/kakapo/scripts/../lib/Kakapo.pm 173 log - File: /home/jgomez/desarrollos/kakapo/minitutorial_kapapo.txt
/home/jgomez/desarrollos/kakapo/scripts/../lib/Common.pm 85 log - (0) Attempting to connect to the Festival server.
client(39) Tue Apr 17 19:14:54 2012 : accepted from localhost
/home/jgomez/desarrollos/kakapo/scripts/../lib/Common.pm 87 log - Successfully opened connection to Festival.
client(40) Tue Apr 17 19:14:54 2012 : accepted from localhost
client(39) Tue Apr 17 19:14:54 2012 : disconnected
client(40) Tue Apr 17 19:14:54 2012 : disconnected
/home/jgomez/desarrollos/kakapo/scripts/../lib/File.pm 28 log - text/plain
/home/jgomez/desarrollos/kakapo/scripts/../lib/Kakapo.pm 173 log - File: /home/jgomez/desarrollos/kakapo/minitutorial_kapapo.txt
/home/jgomez/desarrollos/kakapo/scripts/../lib/Common.pm 85 log - (0) Attempting to connect to the Festival server.
/home/jgomez/desarrollos/kakapo/scripts/../lib/Common.pm 87 log - Successfully opened connection to Festival.
client(41) Wed Apr 18 12:41:26 2012 : accepted from localhost
client(42) Wed Apr 18 12:41:26 2012 : accepted from localhost
client(41) Wed Apr 18 12:41:26 2012 : disconnected
client(42) Wed Apr 18 12:41:26 2012 : disconnected
/home/jgomez/desarrollos/kakapo/scripts/../lib/File.pm 28 log - text/plain
/home/jgomez/desarrollos/kakapo/scripts/../lib/Kakapo.pm 173 log - File: /home/jgomez/desarrollos/kakapo/minitutorial_kapapo.txt
/home/jgomez/desarrollos/kakapo/scripts/../lib/Common.pm 85 log - (0) Attempting to connect to the Festival server.
client(43) Wed Apr 18 13:25:31 2012 : accepted from localhost
/home/jgomez/desarrollos/kakapo/scripts/../lib/Common.pm 87 log - Successfully opened connection to Festival.
client(43) Wed Apr 18 13:25:31 2012 : disconnected
client(44) Wed Apr 18 13:25:31 2012 : accepted from localhost
client(44) Wed Apr 18 13:25:31 2012 : disconnected
/home/jgomez/desarrollos/kakapo/scripts/../lib/File.pm 28 log - text/plain
/home/jgomez/desarrollos/kakapo/scripts/../lib/Kakapo.pm 173 log - File: /home/jgomez/desarrollos/kakapo/minitutorial_kapapo.txt
/home/jgomez/desarrollos/kakapo/scripts/../lib/Common.pm 85 log - (0) Attempting to connect to the Festival server.
/home/jgomez/desarrollos/kakapo/scripts/../lib/Common.pm 87 log - Successfully opened connection to Festival.
client(45) Wed Apr 18 13:27:29 2012 : accepted from localhost
client(45) Wed Apr 18 13:27:29 2012 : disconnected
client(46) Wed Apr 18 13:27:29 2012 : accepted from localhost
client(46) Wed Apr 18 13:27:29 2012 : disconnected
/home/jgomez/desarrollos/kakapo/scripts/../lib/File.pm 28 log - text/plain
/home/jgomez/desarrollos/kakapo/scripts/../lib/Kakapo.pm 173 log - File: /home/jgomez/desarrollos/kakapo/minitutorial_kapapo.txt
/home/jgomez/desarrollos/kakapo/scripts/../lib/Common.pm 85 log - (0) Attempting to connect to the Festival server.
/home/jgomez/desarrollos/kakapo/scripts/../lib/Common.pm 87 log - Successfully opened connection to Festival.
client(47) Wed Apr 18 13:34:03 2012 : accepted from localhost
client(47) Wed Apr 18 13:34:03 2012 : disconnected
client(48) Wed Apr 18 13:34:03 2012 : accepted from localhost
client(48) Wed Apr 18 13:34:03 2012 : disconnected
/home/jgomez/desarrollos/kakapo/scripts/../lib/File.pm 28 log - text/plain
/home/jgomez/desarrollos/kakapo/scripts/../lib/Kakapo.pm 173 log - File: /home/jgomez/desarrollos/kakapo/minitutorial_kapapo.txt
/home/jgomez/desarrollos/kakapo/scripts/../lib/Common.pm 85 log - (0) Attempting to connect to the Festival server.
client(49) Wed Apr 18 13:34:20 2012 : accepted from localhost
/home/jgomez/desarrollos/kakapo/scripts/../lib/Common.pm 87 log - Successfully opened connection to Festival.
client(50) Wed Apr 18 13:34:20 2012 : accepted from localhost
client(49) Wed Apr 18 13:34:20 2012 : disconnected
client(50) Wed Apr 18 13:34:20 2012 : disconnected
/home/jgomez/desarrollos/kakapo/scripts/../lib/File.pm 28 log - text/plain
/home/jgomez/desarrollos/kakapo/scripts/../lib/Kakapo.pm 173 log - File: /home/jgomez/desarrollos/kakapo/minitutorial_kapapo.txt
/home/jgomez/desarrollos/kakapo/scripts/../lib/Common.pm 85 log - (0) Attempting to connect to the Festival server.
client(51) Wed Apr 18 13:35:45 2012 : accepted from localhost
/home/jgomez/desarrollos/kakapo/scripts/../lib/Common.pm 87 log - Successfully opened connection to Festival.
client(51) Wed Apr 18 13:35:45 2012 : disconnected
client(52) Wed Apr 18 13:35:45 2012 : accepted from localhost
client(52) Wed Apr 18 13:35:45 2012 : disconnected
/home/jgomez/desarrollos/kakapo/scripts/../lib/Common.pm 85 log - (0) Attempting to connect to the Festival server.
/home/jgomez/desarrollos/kakapo/scripts/../lib/Common.pm 87 log - Successfully opened connection to Festival.
client(53) Wed Apr 18 13:41:46 2012 : accepted from localhost
client(53) Wed Apr 18 13:41:46 2012 : disconnected
client(54) Wed Apr 18 13:41:46 2012 : accepted from localhost
client(54) Wed Apr 18 13:41:46 2012 : disconnected
/home/jgomez/desarrollos/kakapo/scripts/../lib/Common.pm 85 log - (0) Attempting to connect to the Festival server.
client(55) Wed Apr 18 13:47:18 2012 : accepted from localhost
/home/jgomez/desarrollos/kakapo/scripts/../lib/Common.pm 87 log - Successfully opened connection to Festival.
client(55) Wed Apr 18 13:47:18 2012 : disconnected
client(56) Wed Apr 18 13:47:18 2012 : accepted from localhost
client(56) Wed Apr 18 13:47:18 2012 : disconnected
/home/jgomez/desarrollos/kakapo/scripts/../lib/File.pm 28 log - text/plain
/home/jgomez/desarrollos/kakapo/scripts/../lib/Kakapo.pm 173 log - File: /home/jgomez/desarrollos/kakapo/file2.txt
/home/jgomez/desarrollos/kakapo/scripts/../lib/Kakapo.pm 214 log - Archivos Ogg
/home/jgomez/desarrollos/kakapo/scripts/../lib/Kakapo.pm 215 log - /home/jgomez/desarrollos/kakapo/kakapo.ogg
/home/jgomez/desarrollos/kakapo/scripts/../lib/Common.pm 85 log - (0) Attempting to connect to the Festival server.
client(57) Wed Apr 18 13:49:43 2012 : accepted from localhost
/home/jgomez/desarrollos/kakapo/scripts/../lib/Common.pm 87 log - Successfully opened connection to Festival.
client(58) Wed Apr 18 13:49:43 2012 : accepted from localhost
client(57) Wed Apr 18 13:49:43 2012 : disconnected
client(58) Wed Apr 18 13:49:43 2012 : disconnected
/home/jgomez/desarrollos/kakapo/scripts/../lib/Common.pm 85 log - (0) Attempting to connect to the Festival server.
client(59) Wed Apr 18 13:50:05 2012 : accepted from localhost
/home/jgomez/desarrollos/kakapo/scripts/../lib/Common.pm 87 log - Successfully opened connection to Festival.
client(59) Wed Apr 18 13:50:05 2012 : disconnected
client(60) Wed Apr 18 13:50:05 2012 : accepted from localhost
client(60) Wed Apr 18 13:50:05 2012 : disconnected
/home/jgomez/desarrollos/kakapo/scripts/../lib/File.pm 28 log - text/plain
/home/jgomez/desarrollos/kakapo/scripts/../lib/Kakapo.pm 173 log - File: /home/jgomez/desarrollos/kakapo/minitutorial_kapapo.txt
/home/jgomez/desarrollos/kakapo/scripts/../lib/File.pm 28 log - text/plain
/home/jgomez/desarrollos/kakapo/scripts/../lib/Kakapo.pm 173 log - File: /home/jgomez/desarrollos/kakapo/file.txt
/home/jgomez/desarrollos/kakapo/scripts/../lib/Kakapo.pm 214 log - Archivos Ogg
/home/jgomez/desarrollos/kakapo/scripts/../lib/Kakapo.pm 215 log - /home/jgomez/desarrollos/kakapo/kakapo.ogg
LAME 3.98.2 32bits (http://www.mp3dev.org/)
CPU features: MMX (ASM used), SSE (ASM used), SSE2
Using polyphase lowpass filter, transition band:  5742 Hz -  5935 Hz
Encoding /tmp/prop.wav to /home/jgomez/desarrollos/kakapo/kakapo.ogg
Encoding as 16 kHz single-ch MPEG-2 Layer III (10.7x)  24 kbps qval=3
    Frame          |  CPU time/estim | REAL time/estim | play/CPU |    ETA 
     0/       ( 0%)|    0:00/     :  |    0:00/     :  |         x|     :  
00:02--------------------------------------------------------------------------[K
   kbps      %     %[K
    0.0           [K[A[A[A     0/65     ( 0%)|    0:00/    0:00|    0:00/    0:00|   0.0000x|    0:00 
00:02--------------------------------------------------------------------------[K
   kbps      %     %[K
    0.0           [K[A[A[A    67/67    (100%)|    0:00/    0:00|    0:00/    0:00|   80.400x|    0:00 
-------------------------------------------------------------------------------[K
   kbps       mono %     long switch short %[K
   24.0      100.0        52.2  23.9  23.9[K
ReplayGain: -3.3dB
/home/jgomez/desarrollos/kakapo/scripts/../lib/Kakapo.pm 214 log - Archivos Mp3
/home/jgomez/desarrollos/kakapo/scripts/../lib/Kakapo.pm 215 log - /home/jgomez/desarrollos/kakapo/kakapo.mp3
/home/jgomez/desarrollos/kakapo/scripts/../lib/File.pm 28 log - ERROR
/home/jgomez/desarrollos/kakapo/scripts/../lib/Common.pm 85 log - (0) Attempting to connect to the Festival server.
/home/jgomez/desarrollos/kakapo/scripts/../lib/Common.pm 87 log - Successfully opened connection to Festival.
client(61) Wed Apr 18 13:52:59 2012 : accepted from localhost
client(61) Wed Apr 18 13:52:59 2012 : disconnected
client(62) Wed Apr 18 13:52:59 2012 : accepted from localhost
client(62) Wed Apr 18 13:52:59 2012 : disconnected
/home/jgomez/desarrollos/kakapo/scripts/../lib/File.pm 28 log - text/plain
/home/jgomez/desarrollos/kakapo/scripts/../lib/Kakapo.pm 173 log - File: /home/jgomez/desarrollos/kakapo/minitutorial_kapapo.txt
/home/jgomez/desarrollos/kakapo/scripts/../lib/File.pm 28 log - text/plain
/home/jgomez/desarrollos/kakapo/scripts/../lib/Kakapo.pm 173 log - File: /home/jgomez/desarrollos/kakapo/file.txt
/home/jgomez/desarrollos/kakapo/scripts/../lib/Kakapo.pm 214 log - Archivos Mp3
/home/jgomez/desarrollos/kakapo/scripts/../lib/Kakapo.pm 215 log - /home/jgomez/desarrollos/kakapo/kakapo.mp3
LAME 3.98.2 32bits (http://www.mp3dev.org/)
CPU features: MMX (ASM used), SSE (ASM used), SSE2
Using polyphase lowpass filter, transition band:  5742 Hz -  5935 Hz
Encoding /tmp/prop.wav to /home/jgomez/desarrollos/kakapo/kakapo.mp3
Encoding as 16 kHz single-ch MPEG-2 Layer III (10.7x)  24 kbps qval=3
    Frame          |  CPU time/estim | REAL time/estim | play/CPU |    ETA 
     0/       ( 0%)|    0:00/     :  |    0:00/     :  |         x|     :  
00:02--------------------------------------------------------------------------[K
   kbps      %     %[K
    0.0           [K[A[A[A     0/65     ( 0%)|    0:00/    0:00|    0:00/    0:00|   0.0000x|    0:00 
00:02--------------------------------------------------------------------------[K
   kbps      %     %[K
    0.0           [K[A[A[A    67/67    (100%)|    0:00/    0:00|    0:00/    0:00|   120.60x|    0:00 
-------------------------------------------------------------------------------[K
   kbps       mono %     long switch short %[K
   24.0      100.0        52.2  23.9  23.9[K
ReplayGain: -3.3dB
/home/jgomez/desarrollos/kakapo/scripts/../lib/File.pm 28 log - text/plain
/home/jgomez/desarrollos/kakapo/scripts/../lib/Kakapo.pm 173 log - File: /home/jgomez/desarrollos/kakapo/file.txt
/home/jgomez/desarrollos/kakapo/scripts/../lib/Kakapo.pm 214 log - Archivos Mp3
/home/jgomez/desarrollos/kakapo/scripts/../lib/Kakapo.pm 215 log - /home/jgomez/desarrollos/kakapo/kakapo.ogg
LAME 3.98.2 32bits (http://www.mp3dev.org/)
CPU features: MMX (ASM used), SSE (ASM used), SSE2
Using polyphase lowpass filter, transition band:  5742 Hz -  5935 Hz
Encoding /tmp/prop.wav to /home/jgomez/desarrollos/kakapo/kakapo.ogg
Encoding as 16 kHz single-ch MPEG-2 Layer III (10.7x)  24 kbps qval=3
    Frame          |  CPU time/estim | REAL time/estim | play/CPU |    ETA 
     0/       ( 0%)|    0:00/     :  |    0:00/     :  |         x|     :  
00:02--------------------------------------------------------------------------[K
   kbps      %     %[K
    0.0           [K[A[A[A     0/65     ( 0%)|    0:00/    0:00|    0:00/    0:00|   0.0000x|    0:00 
00:02--------------------------------------------------------------------------[K
   kbps      %     %[K
    0.0           [K[A[A[A    67/67    (100%)|    0:00/    0:00|    0:00/    0:00|   120.60x|    0:00 
-------------------------------------------------------------------------------[K
   kbps       mono %     long switch short %[K
   24.0      100.0        52.2  23.9  23.9[K
ReplayGain: -3.3dB
/home/jgomez/desarrollos/kakapo/scripts/../lib/Common.pm 85 log - (0) Attempting to connect to the Festival server.
client(63) Wed Apr 18 13:55:28 2012 : accepted from localhost
/home/jgomez/desarrollos/kakapo/scripts/../lib/Common.pm 87 log - Successfully opened connection to Festival.
client(64) Wed Apr 18 13:55:28 2012 : accepted from localhost
client(63) Wed Apr 18 13:55:28 2012 : disconnected
client(64) Wed Apr 18 13:55:28 2012 : disconnected
/home/jgomez/desarrollos/kakapo/scripts/../lib/File.pm 28 log - text/plain
/home/jgomez/desarrollos/kakapo/scripts/../lib/Kakapo.pm 173 log - File: /home/jgomez/desarrollos/kakapo/file.txt
/home/jgomez/desarrollos/kakapo/scripts/../lib/Kakapo.pm 214 log - Archivos Ogg
/home/jgomez/desarrollos/kakapo/scripts/../lib/Kakapo.pm 215 log - /home/jgomez/desarrollos/kakapo/kakapo.ogg
LAME 3.98.2 32bits (http://www.mp3dev.org/)
CPU features: MMX (ASM used), SSE (ASM used), SSE2
Using polyphase lowpass filter, transition band:  5742 Hz -  5935 Hz
Encoding /tmp/prop.wav to /home/jgomez/desarrollos/kakapo/kakapo.ogg
Encoding as 16 kHz single-ch MPEG-2 Layer III (10.7x)  24 kbps qval=3
    Frame          |  CPU time/estim | REAL time/estim | play/CPU |    ETA 
     0/       ( 0%)|    0:00/     :  |    0:00/     :  |         x|     :  
00:02--------------------------------------------------------------------------[K
   kbps      %     %[K
    0.0           [K[A[A[A     0/65     ( 0%)|    0:00/    0:00|    0:00/    0:00|   0.0000x|    0:00 
00:02--------------------------------------------------------------------------[K
   kbps      %     %[K
    0.0           [K[A[A[A    67/67    (100%)|    0:00/    0:00|    0:00/    0:00|   80.400x|    0:00 
-------------------------------------------------------------------------------[K
   kbps       mono %     long switch short %[K
   24.0      100.0        52.2  23.9  23.9[K
ReplayGain: -3.3dB
/home/jgomez/desarrollos/kakapo/scripts/../lib/Kakapo.pm 214 log - Archivos Mp3
/home/jgomez/desarrollos/kakapo/scripts/../lib/Kakapo.pm 215 log - /home/jgomez/desarrollos/kakapo/kakapo.mp3
LAME 3.98.2 32bits (http://www.mp3dev.org/)
CPU features: MMX (ASM used), SSE (ASM used), SSE2
Using polyphase lowpass filter, transition band:  5742 Hz -  5935 Hz
Encoding /tmp/prop.wav to /home/jgomez/desarrollos/kakapo/kakapo.mp3
Encoding as 16 kHz single-ch MPEG-2 Layer III (10.7x)  24 kbps qval=3
    Frame          |  CPU time/estim | REAL time/estim | play/CPU |    ETA 
     0/       ( 0%)|    0:00/     :  |    0:00/     :  |         x|     :  
00:02--------------------------------------------------------------------------[K
   kbps      %     %[K
    0.0           [K[A[A[A     0/65     ( 0%)|    0:00/    0:00|    0:00/    0:00|   0.0000x|    0:00 
00:02--------------------------------------------------------------------------[K
   kbps      %     %[K
    0.0           [K[A[A[A    67/67    (100%)|    0:00/    0:00|    0:00/    0:00|   80.400x|    0:00 
-------------------------------------------------------------------------------[K
   kbps       mono %     long switch short %[K
   24.0      100.0        52.2  23.9  23.9[K
ReplayGain: -3.3dB
/home/jgomez/desarrollos/kakapo/scripts/../lib/Kakapo.pm 214 log - Archivos Mp3
/home/jgomez/desarrollos/kakapo/scripts/../lib/Kakapo.pm 215 log - /home/jgomez/desarrollos/kakapo/kakapo.ogg
LAME 3.98.2 32bits (http://www.mp3dev.org/)
CPU features: MMX (ASM used), SSE (ASM used), SSE2
Using polyphase lowpass filter, transition band:  5742 Hz -  5935 Hz
Encoding /tmp/prop.wav to /home/jgomez/desarrollos/kakapo/kakapo.ogg
Encoding as 16 kHz single-ch MPEG-2 Layer III (10.7x)  24 kbps qval=3
    Frame          |  CPU time/estim | REAL time/estim | play/CPU |    ETA 
     0/       ( 0%)|    0:00/     :  |    0:00/     :  |         x|     :  
00:02--------------------------------------------------------------------------[K
   kbps      %     %[K
    0.0           [K[A[A[A     0/65     ( 0%)|    0:00/    0:00|    0:00/    0:00|   0.0000x|    0:00 
00:02--------------------------------------------------------------------------[K
   kbps      %     %[K
    0.0           [K[A[A[A    67/67    (100%)|    0:00/    0:00|    0:00/    0:00|   120.60x|    0:00 
-------------------------------------------------------------------------------[K
   kbps       mono %     long switch short %[K
   24.0      100.0        52.2  23.9  23.9[K
ReplayGain: -3.3dB
/home/jgomez/desarrollos/kakapo/scripts/../lib/Kakapo.pm 214 log - Archivos Ogg
/home/jgomez/desarrollos/kakapo/scripts/../lib/Kakapo.pm 215 log - /home/jgomez/desarrollos/kakapo/kakapo.ogg
LAME 3.98.2 32bits (http://www.mp3dev.org/)
CPU features: MMX (ASM used), SSE (ASM used), SSE2
Using polyphase lowpass filter, transition band:  5742 Hz -  5935 Hz
Encoding /tmp/prop.wav to /home/jgomez/desarrollos/kakapo/kakapo.ogg
Encoding as 16 kHz single-ch MPEG-2 Layer III (10.7x)  24 kbps qval=3
    Frame          |  CPU time/estim | REAL time/estim | play/CPU |    ETA 
     0/       ( 0%)|    0:00/     :  |    0:00/     :  |         x|     :  
00:02--------------------------------------------------------------------------[K
   kbps      %     %[K
    0.0           [K[A[A[A     0/65     ( 0%)|    0:00/    0:00|    0:00/    0:00|   0.0000x|    0:00 
00:02--------------------------------------------------------------------------[K
   kbps      %     %[K
    0.0           [K[A[A[A    67/67    (100%)|    0:00/    0:00|    0:00/    0:00|   120.60x|    0:00 
-------------------------------------------------------------------------------[K
   kbps       mono %     long switch short %[K
   24.0      100.0        52.2  23.9  23.9[K
ReplayGain: -3.3dB
/home/jgomez/desarrollos/kakapo/scripts/../lib/Common.pm 85 log - (0) Attempting to connect to the Festival server.
client(65) Wed Apr 18 13:58:16 2012 : accepted from localhost
/home/jgomez/desarrollos/kakapo/scripts/../lib/Common.pm 87 log - Successfully opened connection to Festival.
client(65) Wed Apr 18 13:58:16 2012 : disconnected
client(66) Wed Apr 18 13:58:16 2012 : accepted from localhost
client(66) Wed Apr 18 13:58:16 2012 : disconnected
/home/jgomez/desarrollos/kakapo/scripts/../lib/File.pm 28 log - text/plain
/home/jgomez/desarrollos/kakapo/scripts/../lib/Kakapo.pm 173 log - File: /home/jgomez/desarrollos/kakapo/file.txt
/home/jgomez/desarrollos/kakapo/scripts/../lib/Kakapo.pm 214 log - Archivos Ogg
/home/jgomez/desarrollos/kakapo/scripts/../lib/Kakapo.pm 215 log - /home/jgomez/desarrollos/kakapo/kakapo.ogg
/home/jgomez/desarrollos/kakapo/scripts/../lib/Common.pm 85 log - (0) Attempting to connect to the Festival server.
client(67) Wed Apr 18 13:59:04 2012 : accepted from localhost
/home/jgomez/desarrollos/kakapo/scripts/../lib/Common.pm 87 log - Successfully opened connection to Festival.
client(67) Wed Apr 18 13:59:04 2012 : disconnected
client(68) Wed Apr 18 13:59:04 2012 : accepted from localhost
client(68) Wed Apr 18 13:59:04 2012 : disconnected
/home/jgomez/desarrollos/kakapo/scripts/../lib/Common.pm 85 log - (0) Attempting to connect to the Festival server.
/home/jgomez/desarrollos/kakapo/scripts/../lib/Common.pm 103 log - Failed to connect to Festival server, attempting to load it myself.
server    Wed Apr 18 14:01:03 2012 : Festival server started on port 1314
/home/jgomez/desarrollos/kakapo/scripts/../lib/Common.pm 85 log - (1) Attempting to connect to the Festival server.
/home/jgomez/desarrollos/kakapo/scripts/../lib/Common.pm 87 log - Successfully opened connection to Festival.
client(1) Wed Apr 18 14:01:04 2012 : accepted from localhost
client(1) Wed Apr 18 14:01:04 2012 : disconnected
client(2) Wed Apr 18 14:01:04 2012 : accepted from localhost
client(2) Wed Apr 18 14:01:04 2012 : disconnected
/home/jgomez/desarrollos/kakapo/scripts/../lib/File.pm 28 log - text/plain
/home/jgomez/desarrollos/kakapo/scripts/../lib/Kakapo.pm 174 log - File: /home/jgomez/desarrollos/kakapo/file.txt
/home/jgomez/desarrollos/kakapo/scripts/../lib/Kakapo.pm 215 log - Archivos Ogg
/home/jgomez/desarrollos/kakapo/scripts/../lib/Kakapo.pm 216 log - /home/jgomez/desarrollos/kakapo/kakapo.ogg
/home/jgomez/desarrollos/kakapo/scripts/../lib/Common.pm 85 log - (0) Attempting to connect to the Festival server.
client(3) Wed Apr 18 14:02:03 2012 : accepted from localhost
/home/jgomez/desarrollos/kakapo/scripts/../lib/Common.pm 87 log - Successfully opened connection to Festival.
client(3) Wed Apr 18 14:02:03 2012 : disconnected
client(4) Wed Apr 18 14:02:03 2012 : accepted from localhost
client(4) Wed Apr 18 14:02:03 2012 : disconnected
/home/jgomez/desarrollos/kakapo/scripts/../lib/File.pm 28 log - text/plain
/home/jgomez/desarrollos/kakapo/scripts/../lib/Kakapo.pm 174 log - File: /home/jgomez/desarrollos/kakapo/file.txt
/home/jgomez/desarrollos/kakapo/scripts/../lib/Kakapo.pm 215 log - Archivos Ogg
/home/jgomez/desarrollos/kakapo/scripts/../lib/Kakapo.pm 216 log - /home/jgomez/desarrollos/kakapo/kakapo.ogg
/home/jgomez/desarrollos/kakapo/scripts/../lib/Common.pm 85 log - (0) Attempting to connect to the Festival server.
/home/jgomez/desarrollos/kakapo/scripts/../lib/Common.pm 87 log - Successfully opened connection to Festival.
client(5) Wed Apr 18 14:03:34 2012 : accepted from localhost
client(5) Wed Apr 18 14:03:34 2012 : disconnected
client(6) Wed Apr 18 14:03:34 2012 : accepted from localhost
client(6) Wed Apr 18 14:03:34 2012 : disconnected
/home/jgomez/desarrollos/kakapo/scripts/../lib/File.pm 28 log - text/plain
/home/jgomez/desarrollos/kakapo/scripts/../lib/Kakapo.pm 174 log - File: /home/jgomez/desarrollos/kakapo/file.txt
/home/jgomez/desarrollos/kakapo/scripts/../lib/Kakapo.pm 215 log - Archivos Ogg
/home/jgomez/desarrollos/kakapo/scripts/../lib/Kakapo.pm 216 log - /home/jgomez/desarrollos/kakapo/kakapo.ogg
/home/jgomez/desarrollos/kakapo/scripts/../lib/Kakapo.pm 215 log - Archivos Mp3
/home/jgomez/desarrollos/kakapo/scripts/../lib/Kakapo.pm 216 log - /home/jgomez/desarrollos/kakapo/kakapo.ogg
/home/jgomez/desarrollos/kakapo/scripts/../lib/Common.pm 85 log - (0) Attempting to connect to the Festival server.
client(7) Wed Apr 18 14:05:04 2012 : accepted from localhost
/home/jgomez/desarrollos/kakapo/scripts/../lib/Common.pm 87 log - Successfully opened connection to Festival.
client(8) Wed Apr 18 14:05:04 2012 : accepted from localhost
client(7) Wed Apr 18 14:05:04 2012 : disconnected
client(8) Wed Apr 18 14:05:04 2012 : disconnected
/home/jgomez/desarrollos/kakapo/scripts/../lib/File.pm 28 log - text/plain
/home/jgomez/desarrollos/kakapo/scripts/../lib/Kakapo.pm 174 log - File: /home/jgomez/desarrollos/kakapo/file.txt
/home/jgomez/desarrollos/kakapo/scripts/../lib/Kakapo.pm 215 log - Archivos Ogg
/home/jgomez/desarrollos/kakapo/scripts/../lib/Kakapo.pm 216 log - /home/jgomez/desarrollos/kakapo/kakapo.ogg
/home/jgomez/desarrollos/kakapo/scripts/../lib/Common.pm 85 log - (0) Attempting to connect to the Festival server.
client(9) Wed Apr 18 14:06:18 2012 : accepted from localhost
/home/jgomez/desarrollos/kakapo/scripts/../lib/Common.pm 87 log - Successfully opened connection to Festival.
client(9) Wed Apr 18 14:06:18 2012 : disconnected
client(10) Wed Apr 18 14:06:18 2012 : accepted from localhost
client(10) Wed Apr 18 14:06:18 2012 : disconnected
/home/jgomez/desarrollos/kakapo/scripts/../lib/File.pm 28 log - text/plain
/home/jgomez/desarrollos/kakapo/scripts/../lib/Kakapo.pm 174 log - File: /home/jgomez/desarrollos/kakapo/file.txt
/home/jgomez/desarrollos/kakapo/scripts/../lib/Kakapo.pm 215 log - Archivos Ogg
/home/jgomez/desarrollos/kakapo/scripts/../lib/Kakapo.pm 216 log - /home/jgomez/desarrollos/kakapo/kakapo.ogg
/home/jgomez/desarrollos/kakapo/scripts/../lib/Common.pm 85 log - (0) Attempting to connect to the Festival server.
client(11) Wed Apr 18 14:08:21 2012 : accepted from localhost
/home/jgomez/desarrollos/kakapo/scripts/../lib/Common.pm 87 log - Successfully opened connection to Festival.
client(11) Wed Apr 18 14:08:21 2012 : disconnected
client(12) Wed Apr 18 14:08:21 2012 : accepted from localhost
client(12) Wed Apr 18 14:08:21 2012 : disconnected
/home/jgomez/desarrollos/kakapo/scripts/../lib/File.pm 28 log - text/plain
/home/jgomez/desarrollos/kakapo/scripts/../lib/Kakapo.pm 174 log - File: /home/jgomez/desarrollos/kakapo/file.txt
/home/jgomez/desarrollos/kakapo/scripts/../lib/Kakapo.pm 215 log - Archivos Ogg
/home/jgomez/desarrollos/kakapo/scripts/../lib/Kakapo.pm 216 log - /home/jgomez/desarrollos/kakapo/kakapo.ogg
/home/jgomez/desarrollos/kakapo/scripts/../lib/Common.pm 85 log - (0) Attempting to connect to the Festival server.
client(13) Wed Apr 18 14:08:57 2012 : accepted from localhost
/home/jgomez/desarrollos/kakapo/scripts/../lib/Common.pm 87 log - Successfully opened connection to Festival.
client(14) Wed Apr 18 14:08:57 2012 : accepted from localhost
client(13) Wed Apr 18 14:08:57 2012 : disconnected
client(14) Wed Apr 18 14:08:57 2012 : disconnected
/home/jgomez/desarrollos/kakapo/scripts/../lib/File.pm 28 log - text/plain
/home/jgomez/desarrollos/kakapo/scripts/../lib/Kakapo.pm 174 log - File: /home/jgomez/desarrollos/kakapo/file.txt
/home/jgomez/desarrollos/kakapo/scripts/../lib/Kakapo.pm 215 log - Archivos Ogg
/home/jgomez/desarrollos/kakapo/scripts/../lib/Kakapo.pm 216 log - /home/jgomez/desarrollos/kakapo/kakapo.ogg
/home/jgomez/desarrollos/kakapo/scripts/../lib/Common.pm 85 log - (0) Attempting to connect to the Festival server.
client(15) Wed Apr 18 14:10:00 2012 : accepted from localhost
/home/jgomez/desarrollos/kakapo/scripts/../lib/Common.pm 87 log - Successfully opened connection to Festival.
client(15) Wed Apr 18 14:10:00 2012 : disconnected
client(16) Wed Apr 18 14:10:00 2012 : accepted from localhost
client(16) Wed Apr 18 14:10:00 2012 : disconnected
/home/jgomez/desarrollos/kakapo/scripts/../lib/File.pm 28 log - text/plain
/home/jgomez/desarrollos/kakapo/scripts/../lib/Kakapo.pm 174 log - File: /home/jgomez/desarrollos/kakapo/file.txt
/home/jgomez/desarrollos/kakapo/scripts/../lib/Kakapo.pm 215 log - Archivos Ogg
/home/jgomez/desarrollos/kakapo/scripts/../lib/Kakapo.pm 216 log - /home/jgomez/desarrollos/kakapo/kakapo.ogg
/home/jgomez/desarrollos/kakapo/scripts/../lib/Common.pm 85 log - (0) Attempting to connect to the Festival server.
client(17) Wed Apr 18 14:10:32 2012 : accepted from localhost
/home/jgomez/desarrollos/kakapo/scripts/../lib/Common.pm 87 log - Successfully opened connection to Festival.
client(17) Wed Apr 18 14:10:32 2012 : disconnected
client(18) Wed Apr 18 14:10:32 2012 : accepted from localhost
client(18) Wed Apr 18 14:10:32 2012 : disconnected
/home/jgomez/desarrollos/kakapo/scripts/../lib/File.pm 28 log - text/plain
/home/jgomez/desarrollos/kakapo/scripts/../lib/Kakapo.pm 174 log - File: /home/jgomez/desarrollos/kakapo/file.txt
/home/jgomez/desarrollos/kakapo/scripts/../lib/Kakapo.pm 215 log - Archivos Ogg
/home/jgomez/desarrollos/kakapo/scripts/../lib/Kakapo.pm 216 log - /home/jgomez/desarrollos/kakapo/kakapo.ogg
LAME 3.98.2 32bits (http://www.mp3dev.org/)
CPU features: MMX (ASM used), SSE (ASM used), SSE2
Using polyphase lowpass filter, transition band:  5742 Hz -  5935 Hz
Encoding /tmp/kakapo.wav to /home/jgomez/desarrollos/kakapo/kakapo.ogg
Encoding as 16 kHz single-ch MPEG-2 Layer III (10.7x)  24 kbps qval=3
    Frame          |  CPU time/estim | REAL time/estim | play/CPU |    ETA 
     0/       ( 0%)|    0:00/     :  |    0:00/     :  |         x|     :  
00:02--------------------------------------------------------------------------[K
   kbps      %     %[K
    0.0           [K[A[A[A     0/65     ( 0%)|    0:00/    0:00|    0:00/    0:00|   0.0000x|    0:00 
00:02--------------------------------------------------------------------------[K
   kbps      %     %[K
    0.0           [K[A[A[A    67/67    (100%)|    0:00/    0:00|    0:00/    0:00|   80.400x|    0:00 
-------------------------------------------------------------------------------[K
   kbps       mono %     long switch short %[K
   24.0      100.0        52.2  23.9  23.9[K
ReplayGain: -3.3dB
/home/jgomez/desarrollos/kakapo/scripts/../lib/Common.pm 85 log - (0) Attempting to connect to the Festival server.
client(19) Wed Apr 18 14:11:04 2012 : accepted from localhost
/home/jgomez/desarrollos/kakapo/scripts/../lib/Common.pm 87 log - Successfully opened connection to Festival.
client(20) Wed Apr 18 14:11:04 2012 : accepted from localhost
client(19) Wed Apr 18 14:11:04 2012 : disconnected
client(20) Wed Apr 18 14:11:05 2012 : disconnected
/home/jgomez/desarrollos/kakapo/scripts/../lib/File.pm 28 log - text/plain
/home/jgomez/desarrollos/kakapo/scripts/../lib/Kakapo.pm 174 log - File: /home/jgomez/desarrollos/kakapo/file.txt
/home/jgomez/desarrollos/kakapo/scripts/../lib/Kakapo.pm 215 log - Archivos Ogg
/home/jgomez/desarrollos/kakapo/scripts/../lib/Kakapo.pm 216 log - /home/jgomez/desarrollos/kakapo/kakapo.ogg
/home/jgomez/desarrollos/kakapo/scripts/../lib/Common.pm 85 log - (0) Attempting to connect to the Festival server.
client(21) Wed Apr 18 14:11:40 2012 : accepted from localhost
/home/jgomez/desarrollos/kakapo/scripts/../lib/Common.pm 87 log - Successfully opened connection to Festival.
client(22) Wed Apr 18 14:11:40 2012 : accepted from localhost
client(21) Wed Apr 18 14:11:40 2012 : disconnected
client(22) Wed Apr 18 14:11:40 2012 : disconnected
/home/jgomez/desarrollos/kakapo/scripts/../lib/File.pm 28 log - text/plain
/home/jgomez/desarrollos/kakapo/scripts/../lib/Kakapo.pm 174 log - File: /home/jgomez/desarrollos/kakapo/file.txt
/home/jgomez/desarrollos/kakapo/scripts/../lib/Kakapo.pm 215 log - Archivos Ogg
/home/jgomez/desarrollos/kakapo/scripts/../lib/Kakapo.pm 216 log - /home/jgomez/desarrollos/kakapo/kakapo.ogg
/home/jgomez/desarrollos/kakapo/scripts/../lib/Kakapo.pm 215 log - Archivos Ogg
/home/jgomez/desarrollos/kakapo/scripts/../lib/Kakapo.pm 216 log - /home/jgomez/desarrollos/kakapo/kakapo.ogg
/home/jgomez/desarrollos/kakapo/scripts/../lib/Common.pm 85 log - (0) Attempting to connect to the Festival server.
client(23) Wed Apr 18 14:13:43 2012 : accepted from localhost
/home/jgomez/desarrollos/kakapo/scripts/../lib/Common.pm 87 log - Successfully opened connection to Festival.
client(24) Wed Apr 18 14:13:43 2012 : accepted from localhost
client(23) Wed Apr 18 14:13:43 2012 : disconnected
client(24) Wed Apr 18 14:13:43 2012 : disconnected
/home/jgomez/desarrollos/kakapo/scripts/../lib/File.pm 28 log - text/plain
/home/jgomez/desarrollos/kakapo/scripts/../lib/Kakapo.pm 174 log - File: /home/jgomez/desarrollos/kakapo/file.txt
/home/jgomez/desarrollos/kakapo/scripts/../lib/Kakapo.pm 215 log - Archivos Ogg
/home/jgomez/desarrollos/kakapo/scripts/../lib/Kakapo.pm 216 log - /home/jgomez/desarrollos/kakapo/kakapo.ogg
/home/jgomez/desarrollos/kakapo/scripts/../lib/Common.pm 85 log - (0) Attempting to connect to the Festival server.
client(25) Wed Apr 18 14:14:44 2012 : accepted from localhost
/home/jgomez/desarrollos/kakapo/scripts/../lib/Common.pm 87 log - Successfully opened connection to Festival.
client(26) Wed Apr 18 14:14:44 2012 : accepted from localhost
client(25) Wed Apr 18 14:14:44 2012 : disconnected
client(26) Wed Apr 18 14:14:44 2012 : disconnected
/home/jgomez/desarrollos/kakapo/scripts/../lib/File.pm 28 log - text/plain
/home/jgomez/desarrollos/kakapo/scripts/../lib/Kakapo.pm 174 log - File: /home/jgomez/desarrollos/kakapo/file.txt
/home/jgomez/desarrollos/kakapo/scripts/../lib/Kakapo.pm 215 log - Archivos Ogg
/home/jgomez/desarrollos/kakapo/scripts/../lib/Kakapo.pm 216 log - /home/jgomez/desarrollos/kakapo/kakapo.ogg
/home/jgomez/desarrollos/kakapo/scripts/../lib/Common.pm 85 log - (0) Attempting to connect to the Festival server.
client(27) Wed Apr 18 14:15:13 2012 : accepted from localhost
/home/jgomez/desarrollos/kakapo/scripts/../lib/Common.pm 87 log - Successfully opened connection to Festival.
client(27) Wed Apr 18 14:15:13 2012 : disconnected
client(28) Wed Apr 18 14:15:13 2012 : accepted from localhost
client(28) Wed Apr 18 14:15:13 2012 : disconnected
/home/jgomez/desarrollos/kakapo/scripts/../lib/File.pm 28 log - text/plain
/home/jgomez/desarrollos/kakapo/scripts/../lib/Kakapo.pm 174 log - File: /home/jgomez/desarrollos/kakapo/file.txt
/home/jgomez/desarrollos/kakapo/scripts/../lib/Kakapo.pm 215 log - Archivos Ogg
/home/jgomez/desarrollos/kakapo/scripts/../lib/Kakapo.pm 216 log - /home/jgomez/desarrollos/kakapo/kakapo.ogg
/home/jgomez/desarrollos/kakapo/scripts/../lib/Common.pm 85 log - (0) Attempting to connect to the Festival server.
client(29) Wed Apr 18 14:19:35 2012 : accepted from localhost
/home/jgomez/desarrollos/kakapo/scripts/../lib/Common.pm 87 log - Successfully opened connection to Festival.
client(30) Wed Apr 18 14:19:35 2012 : accepted from localhost
client(29) Wed Apr 18 14:19:35 2012 : disconnected
client(30) Wed Apr 18 14:19:35 2012 : disconnected
/home/jgomez/desarrollos/kakapo/scripts/../lib/File.pm 28 log - text/plain
/home/jgomez/desarrollos/kakapo/scripts/../lib/Kakapo.pm 174 log - File: /home/jgomez/desarrollos/kakapo/file.txt
/home/jgomez/desarrollos/kakapo/scripts/../lib/Kakapo.pm 215 log - Archivos Ogg
/home/jgomez/desarrollos/kakapo/scripts/../lib/Kakapo.pm 216 log - /home/jgomez/desarrollos/kakapo/kakapo.ogg
/home/jgomez/desarrollos/kakapo/scripts/../lib/Common.pm 85 log - (0) Attempting to connect to the Festival server.
/home/jgomez/desarrollos/kakapo/scripts/../lib/Common.pm 87 log - Successfully opened connection to Festival.
client(31) Wed Apr 18 14:20:14 2012 : accepted from localhost
client(31) Wed Apr 18 14:20:14 2012 : disconnected
client(32) Wed Apr 18 14:20:14 2012 : accepted from localhost
client(32) Wed Apr 18 14:20:14 2012 : disconnected
/home/jgomez/desarrollos/kakapo/scripts/../lib/File.pm 28 log - text/plain
/home/jgomez/desarrollos/kakapo/scripts/../lib/Kakapo.pm 174 log - File: /home/jgomez/desarrollos/kakapo/file.txt
/home/jgomez/desarrollos/kakapo/scripts/../lib/Kakapo.pm 215 log - Archivos Ogg
/home/jgomez/desarrollos/kakapo/scripts/../lib/Kakapo.pm 216 log - /home/jgomez/desarrollos/kakapo/kakapo.ogg
/home/jgomez/desarrollos/kakapo/scripts/../lib/Common.pm 85 log - (0) Attempting to connect to the Festival server.
client(33) Wed Apr 18 14:23:51 2012 : accepted from localhost
/home/jgomez/desarrollos/kakapo/scripts/../lib/Common.pm 87 log - Successfully opened connection to Festival.
client(34) Wed Apr 18 14:23:51 2012 : accepted from localhost
client(33) Wed Apr 18 14:23:51 2012 : disconnected
client(34) Wed Apr 18 14:23:51 2012 : disconnected
/home/jgomez/desarrollos/kakapo/scripts/../lib/File.pm 28 log - text/plain
/home/jgomez/desarrollos/kakapo/scripts/../lib/Kakapo.pm 174 log - File: /home/jgomez/desarrollos/kakapo/file.txt
/home/jgomez/desarrollos/kakapo/scripts/../lib/Kakapo.pm 215 log - Archivos Ogg
/home/jgomez/desarrollos/kakapo/scripts/../lib/Kakapo.pm 216 log - /home/jgomez/desarrollos/kakapo/kakapo.ogg
/home/jgomez/desarrollos/kakapo/scripts/../lib/Common.pm 85 log - (0) Attempting to connect to the Festival server.
client(35) Wed Apr 18 14:24:32 2012 : accepted from localhost
/home/jgomez/desarrollos/kakapo/scripts/../lib/Common.pm 87 log - Successfully opened connection to Festival.
client(36) Wed Apr 18 14:24:32 2012 : accepted from localhost
client(35) Wed Apr 18 14:24:32 2012 : disconnected
client(36) Wed Apr 18 14:24:32 2012 : disconnected
/home/jgomez/desarrollos/kakapo/scripts/../lib/File.pm 28 log - text/plain
/home/jgomez/desarrollos/kakapo/scripts/../lib/Kakapo.pm 174 log - File: /home/jgomez/desarrollos/kakapo/file.txt
/home/jgomez/desarrollos/kakapo/scripts/../lib/Kakapo.pm 215 log - Archivos Ogg
/home/jgomez/desarrollos/kakapo/scripts/../lib/Kakapo.pm 216 log - /home/jgomez/desarrollos/kakapo/kakapo.ogg
/home/jgomez/desarrollos/kakapo/scripts/../lib/Common.pm 85 log - (0) Attempting to connect to the Festival server.
client(37) Wed Apr 18 14:25:15 2012 : accepted from localhost
/home/jgomez/desarrollos/kakapo/scripts/../lib/Common.pm 87 log - Successfully opened connection to Festival.
client(37) Wed Apr 18 14:25:15 2012 : disconnected
client(38) Wed Apr 18 14:25:15 2012 : accepted from localhost
client(38) Wed Apr 18 14:25:15 2012 : disconnected
/home/jgomez/desarrollos/kakapo/scripts/../lib/File.pm 28 log - text/plain
/home/jgomez/desarrollos/kakapo/scripts/../lib/Kakapo.pm 174 log - File: /home/jgomez/desarrollos/kakapo/file.txt
/home/jgomez/desarrollos/kakapo/scripts/../lib/Kakapo.pm 215 log - Archivos Ogg
/home/jgomez/desarrollos/kakapo/scripts/../lib/Kakapo.pm 216 log - /home/jgomez/desarrollos/kakapo/kakapo.ogg
/home/jgomez/desarrollos/kakapo/scripts/../lib/Common.pm 85 log - (0) Attempting to connect to the Festival server.
client(39) Wed Apr 18 14:25:45 2012 : accepted from localhost
/home/jgomez/desarrollos/kakapo/scripts/../lib/Common.pm 87 log - Successfully opened connection to Festival.
client(40) Wed Apr 18 14:25:45 2012 : accepted from localhost
client(39) Wed Apr 18 14:25:45 2012 : disconnected
client(40) Wed Apr 18 14:25:45 2012 : disconnected
/home/jgomez/desarrollos/kakapo/scripts/../lib/File.pm 28 log - text/plain
/home/jgomez/desarrollos/kakapo/scripts/../lib/Kakapo.pm 174 log - File: /home/jgomez/desarrollos/kakapo/file.txt
/home/jgomez/desarrollos/kakapo/scripts/../lib/Kakapo.pm 215 log - Archivos Ogg
/home/jgomez/desarrollos/kakapo/scripts/../lib/Kakapo.pm 216 log - /home/jgomez/desarrollos/kakapo/kakapo.ogg
/home/jgomez/desarrollos/kakapo/scripts/../lib/Common.pm 85 log - (0) Attempting to connect to the Festival server.
client(41) Wed Apr 18 14:26:36 2012 : accepted from localhost
/home/jgomez/desarrollos/kakapo/scripts/../lib/Common.pm 87 log - Successfully opened connection to Festival.
client(41) Wed Apr 18 14:26:36 2012 : disconnected
client(42) Wed Apr 18 14:26:36 2012 : accepted from localhost
client(42) Wed Apr 18 14:26:36 2012 : disconnected
/home/jgomez/desarrollos/kakapo/scripts/../lib/File.pm 28 log - text/plain
/home/jgomez/desarrollos/kakapo/scripts/../lib/Kakapo.pm 174 log - File: /home/jgomez/desarrollos/kakapo/file.txt
/home/jgomez/desarrollos/kakapo/scripts/../lib/Kakapo.pm 215 log - Archivos Ogg
/home/jgomez/desarrollos/kakapo/scripts/../lib/Kakapo.pm 216 log - /home/jgomez/desarrollos/kakapo/kakapo.ogg
LAME 3.98.2 32bits (http://www.mp3dev.org/)
CPU features: MMX (ASM used), SSE (ASM used), SSE2
Using polyphase lowpass filter, transition band:  5742 Hz -  5935 Hz
Encoding /tmp/kakapo.wav to /home/jgomez/desarrollos/kakapo/kakapo.ogg
Encoding as 16 kHz single-ch MPEG-2 Layer III (10.7x)  24 kbps qval=3
    Frame          |  CPU time/estim | REAL time/estim | play/CPU |    ETA 
     0/       ( 0%)|    0:00/     :  |    0:00/     :  |         x|     :  
00:02--------------------------------------------------------------------------[K
   kbps      %     %[K
    0.0           [K[A[A[A     0/65     ( 0%)|    0:00/    0:00|    0:00/    0:00|   0.0000x|    0:00 
00:02--------------------------------------------------------------------------[K
   kbps      %     %[K
    0.0           [K[A[A[A    67/67    (100%)|    0:00/    0:00|    0:00/    0:00|   120.60x|    0:00 
-------------------------------------------------------------------------------[K
   kbps       mono %     long switch short %[K
   24.0      100.0        52.2  23.9  23.9[K
ReplayGain: -3.3dB
/home/jgomez/desarrollos/kakapo/scripts/../lib/Common.pm 85 log - (0) Attempting to connect to the Festival server.
client(43) Wed Apr 18 14:43:44 2012 : accepted from localhost
/home/jgomez/desarrollos/kakapo/scripts/../lib/Common.pm 87 log - Successfully opened connection to Festival.
client(44) Wed Apr 18 14:43:44 2012 : accepted from localhost
client(43) Wed Apr 18 14:43:44 2012 : disconnected
client(44) Wed Apr 18 14:43:44 2012 : disconnected
/home/jgomez/desarrollos/kakapo/scripts/../lib/File.pm 28 log - text/plain
/home/jgomez/desarrollos/kakapo/scripts/../lib/Kakapo.pm 174 log - File: /home/jgomez/desarrollos/kakapo/file.txt
/home/jgomez/desarrollos/kakapo/scripts/../lib/Kakapo.pm 215 log - Archivos Ogg
/home/jgomez/desarrollos/kakapo/scripts/../lib/Kakapo.pm 216 log - /home/jgomez/desarrollos/kakapo/kakapo.ogg
/home/jgomez/desarrollos/kakapo/scripts/../lib/Common.pm 85 log - (0) Attempting to connect to the Festival server.
client(45) Wed Apr 18 14:44:58 2012 : accepted from localhost
/home/jgomez/desarrollos/kakapo/scripts/../lib/Common.pm 87 log - Successfully opened connection to Festival.
client(45) Wed Apr 18 14:44:58 2012 : disconnected
client(46) Wed Apr 18 14:44:58 2012 : accepted from localhost
client(46) Wed Apr 18 14:44:58 2012 : disconnected
/home/jgomez/desarrollos/kakapo/scripts/../lib/Common.pm 85 log - (0) Attempting to connect to the Festival server.
/home/jgomez/desarrollos/kakapo/scripts/../lib/Common.pm 87 log - Successfully opened connection to Festival.
client(47) Wed Apr 18 14:46:31 2012 : accepted from localhost
client(47) Wed Apr 18 14:46:31 2012 : disconnected
client(48) Wed Apr 18 14:46:31 2012 : accepted from localhost
client(48) Wed Apr 18 14:46:31 2012 : disconnected
/home/jgomez/desarrollos/kakapo/scripts/../lib/File.pm 28 log - text/plain
/home/jgomez/desarrollos/kakapo/scripts/../lib/Kakapo.pm 174 log - File: /home/jgomez/desarrollos/kakapo/file.txt
/home/jgomez/desarrollos/kakapo/scripts/../lib/Kakapo.pm 215 log - Archivos Ogg
/home/jgomez/desarrollos/kakapo/scripts/../lib/Kakapo.pm 216 log - /home/jgomez/desarrollos/kakapo/kakapo.ogg
LAME 3.98.2 32bits (http://www.mp3dev.org/)
CPU features: MMX (ASM used), SSE (ASM used), SSE2
Using polyphase lowpass filter, transition band:  5742 Hz -  5935 Hz
Encoding /tmp/kakapo.wav to /home/jgomez/desarrollos/kakapo/kakapo.ogg
Encoding as 16 kHz single-ch MPEG-2 Layer III (10.7x)  24 kbps qval=3
    Frame          |  CPU time/estim | REAL time/estim | play/CPU |    ETA 
     0/       ( 0%)|    0:00/     :  |    0:00/     :  |         x|     :  
00:02--------------------------------------------------------------------------[K
   kbps      %     %[K
    0.0           [K[A[A[A     0/65     ( 0%)|    0:00/    0:00|    0:00/    0:00|   0.0000x|    0:00 
00:02--------------------------------------------------------------------------[K
   kbps      %     %[K
    0.0           [K[A[A[A    67/67    (100%)|    0:00/    0:00|    0:00/    0:00|   80.400x|    0:00 
-------------------------------------------------------------------------------[K
   kbps       mono %     long switch short %[K
   24.0      100.0        52.2  23.9  23.9[K
ReplayGain: -3.3dB
/home/jgomez/desarrollos/kakapo/scripts/../lib/Common.pm 85 log - (0) Attempting to connect to the Festival server.
client(49) Wed Apr 18 14:47:21 2012 : accepted from localhost
/home/jgomez/desarrollos/kakapo/scripts/../lib/Common.pm 87 log - Successfully opened connection to Festival.
client(49) Wed Apr 18 14:47:21 2012 : disconnected
client(50) Wed Apr 18 14:47:21 2012 : accepted from localhost
client(50) Wed Apr 18 14:47:21 2012 : disconnected
/home/jgomez/desarrollos/kakapo/scripts/../lib/File.pm 28 log - text/plain
/home/jgomez/desarrollos/kakapo/scripts/../lib/Kakapo.pm 174 log - File: /home/jgomez/desarrollos/kakapo/file.txt
/home/jgomez/desarrollos/kakapo/scripts/../lib/Kakapo.pm 215 log - Archivos Ogg
/home/jgomez/desarrollos/kakapo/scripts/../lib/Kakapo.pm 216 log - /home/jgomez/desarrollos/kakapo/kakapo.ogg
/home/jgomez/desarrollos/kakapo/scripts/../lib/Common.pm 85 log - (0) Attempting to connect to the Festival server.
client(51) Wed Apr 18 14:48:02 2012 : accepted from localhost
/home/jgomez/desarrollos/kakapo/scripts/../lib/Common.pm 87 log - Successfully opened connection to Festival.
client(52) Wed Apr 18 14:48:02 2012 : accepted from localhost
client(51) Wed Apr 18 14:48:02 2012 : disconnected
client(52) Wed Apr 18 14:48:02 2012 : disconnected
/home/jgomez/desarrollos/kakapo/scripts/../lib/File.pm 28 log - text/plain
/home/jgomez/desarrollos/kakapo/scripts/../lib/Kakapo.pm 174 log - File: /home/jgomez/desarrollos/kakapo/file.txt
/home/jgomez/desarrollos/kakapo/scripts/../lib/Kakapo.pm 215 log - Archivos Ogg
/home/jgomez/desarrollos/kakapo/scripts/../lib/Kakapo.pm 216 log - /home/jgomez/desarrollos/kakapo/kakapo.ogg
/home/jgomez/desarrollos/kakapo/scripts/../lib/Common.pm 85 log - (0) Attempting to connect to the Festival server.
client(53) Wed Apr 18 14:48:21 2012 : accepted from localhost
/home/jgomez/desarrollos/kakapo/scripts/../lib/Common.pm 87 log - Successfully opened connection to Festival.
client(54) Wed Apr 18 14:48:21 2012 : accepted from localhost
client(53) Wed Apr 18 14:48:21 2012 : disconnected
client(54) Wed Apr 18 14:48:21 2012 : disconnected
/home/jgomez/desarrollos/kakapo/scripts/../lib/File.pm 28 log - text/plain
/home/jgomez/desarrollos/kakapo/scripts/../lib/Kakapo.pm 174 log - File: /home/jgomez/desarrollos/kakapo/file.txt
/home/jgomez/desarrollos/kakapo/scripts/../lib/Kakapo.pm 215 log - Archivos Ogg
/home/jgomez/desarrollos/kakapo/scripts/../lib/Kakapo.pm 216 log - /home/jgomez/desarrollos/kakapo/kakapo.ogg
/home/jgomez/desarrollos/kakapo/scripts/../lib/Common.pm 85 log - (0) Attempting to connect to the Festival server.
client(55) Wed Apr 18 14:49:08 2012 : accepted from localhost
/home/jgomez/desarrollos/kakapo/scripts/../lib/Common.pm 87 log - Successfully opened connection to Festival.
client(56) Wed Apr 18 14:49:08 2012 : accepted from localhost
client(55) Wed Apr 18 14:49:08 2012 : disconnected
client(56) Wed Apr 18 14:49:08 2012 : disconnected
/home/jgomez/desarrollos/kakapo/scripts/../lib/File.pm 28 log - text/plain
/home/jgomez/desarrollos/kakapo/scripts/../lib/Kakapo.pm 174 log - File: /home/jgomez/desarrollos/kakapo/file.txt
/home/jgomez/desarrollos/kakapo/scripts/../lib/Kakapo.pm 215 log - Archivos Ogg
/home/jgomez/desarrollos/kakapo/scripts/../lib/Kakapo.pm 216 log - /home/jgomez/desarrollos/kakapo/kakapo.ogg
LAME 3.98.2 32bits (http://www.mp3dev.org/)
CPU features: MMX (ASM used), SSE (ASM used), SSE2
Using polyphase lowpass filter, transition band:  5742 Hz -  5935 Hz
Encoding /tmp/kakapo.wav to /home/jgomez/desarrollos/kakapo/kakapo.ogg
Encoding as 16 kHz single-ch MPEG-2 Layer III (10.7x)  24 kbps qval=3
    Frame          |  CPU time/estim | REAL time/estim | play/CPU |    ETA 
     0/       ( 0%)|    0:00/     :  |    0:00/     :  |         x|     :  
00:02--------------------------------------------------------------------------[K
   kbps      %     %[K
    0.0           [K[A[A[A     0/65     ( 0%)|    0:00/    0:00|    0:00/    0:00|   0.0000x|    0:00 
00:02--------------------------------------------------------------------------[K
   kbps      %     %[K
    0.0           [K[A[A[A    67/67    (100%)|    0:00/    0:00|    0:00/    0:00|   120.60x|    0:00 
-------------------------------------------------------------------------------[K
   kbps       mono %     long switch short %[K
   24.0      100.0        52.2  23.9  23.9[K
ReplayGain: -3.3dB
/home/jgomez/desarrollos/kakapo/scripts/../lib/Common.pm 85 log - (0) Attempting to connect to the Festival server.
/home/jgomez/desarrollos/kakapo/scripts/../lib/Common.pm 87 log - Successfully opened connection to Festival.
client(57) Wed Apr 18 14:49:51 2012 : accepted from localhost
client(57) Wed Apr 18 14:49:51 2012 : disconnected
client(58) Wed Apr 18 14:49:51 2012 : accepted from localhost
client(58) Wed Apr 18 14:49:51 2012 : disconnected
/home/jgomez/desarrollos/kakapo/scripts/../lib/File.pm 28 log - text/plain
/home/jgomez/desarrollos/kakapo/scripts/../lib/Kakapo.pm 174 log - File: /home/jgomez/desarrollos/kakapo/file.txt
/home/jgomez/desarrollos/kakapo/scripts/../lib/Kakapo.pm 215 log - Archivos Ogg
/home/jgomez/desarrollos/kakapo/scripts/../lib/Kakapo.pm 216 log - /home/jgomez/desarrollos/kakapo/kakapo.ogg
LAME 3.98.2 32bits (http://www.mp3dev.org/)
CPU features: MMX (ASM used), SSE (ASM used), SSE2
Using polyphase lowpass filter, transition band:  5742 Hz -  5935 Hz
Encoding /tmp/kakapo.wav to /home/jgomez/desarrollos/kakapo/kakapo.ogg
Encoding as 16 kHz single-ch MPEG-2 Layer III (10.7x)  24 kbps qval=3
    Frame          |  CPU time/estim | REAL time/estim | play/CPU |    ETA 
     0/       ( 0%)|    0:00/     :  |    0:00/     :  |         x|     :  
00:02--------------------------------------------------------------------------[K
   kbps      %     %[K
    0.0           [K[A[A[A     0/65     ( 0%)|    0:00/    0:00|    0:00/    0:00|   0.0000x|    0:00 
00:02--------------------------------------------------------------------------[K
   kbps      %     %[K
    0.0           [K[A[A[A    67/67    (100%)|    0:00/    0:00|    0:00/    0:00|   120.60x|    0:00 
-------------------------------------------------------------------------------[K
   kbps       mono %     long switch short %[K
   24.0      100.0        52.2  23.9  23.9[K
ReplayGain: -3.3dB
/home/jgomez/desarrollos/kakapo/scripts/../lib/Common.pm 85 log - (0) Attempting to connect to the Festival server.
/home/jgomez/desarrollos/kakapo/scripts/../lib/Common.pm 87 log - Successfully opened connection to Festival.
client(59) Wed Apr 18 14:55:55 2012 : accepted from localhost
client(59) Wed Apr 18 14:55:55 2012 : disconnected
client(60) Wed Apr 18 14:55:55 2012 : accepted from localhost
client(60) Wed Apr 18 14:55:55 2012 : disconnected
/home/jgomez/desarrollos/kakapo/scripts/../lib/File.pm 28 log - application/pdf
/home/jgomez/desarrollos/kakapo/scripts/../lib/Common.pm 85 log - (0) Attempting to connect to the Festival server.
client(61) Wed Apr 18 15:05:19 2012 : accepted from localhost
/home/jgomez/desarrollos/kakapo/scripts/../lib/Common.pm 87 log - Successfully opened connection to Festival.
client(61) Wed Apr 18 15:05:19 2012 : disconnected
client(62) Wed Apr 18 15:05:19 2012 : accepted from localhost
client(62) Wed Apr 18 15:05:19 2012 : disconnected
/home/jgomez/desarrollos/kakapo/scripts/../lib/Common.pm 85 log - (0) Attempting to connect to the Festival server.
client(63) Wed Apr 18 15:06:02 2012 : accepted from localhost
/home/jgomez/desarrollos/kakapo/scripts/../lib/Common.pm 87 log - Successfully opened connection to Festival.
client(63) Wed Apr 18 15:06:02 2012 : disconnected
client(64) Wed Apr 18 15:06:02 2012 : accepted from localhost
client(64) Wed Apr 18 15:06:02 2012 : disconnected
/home/jgomez/desarrollos/kakapo/scripts/../lib/Common.pm 85 log - (0) Attempting to connect to the Festival server.
/home/jgomez/desarrollos/kakapo/scripts/../lib/Common.pm 103 log - Failed to connect to Festival server, attempting to load it myself.
server    Wed Apr 18 15:11:52 2012 : Festival server started on port 1314
/home/jgomez/desarrollos/kakapo/scripts/../lib/Common.pm 85 log - (1) Attempting to connect to the Festival server.
/home/jgomez/desarrollos/kakapo/scripts/../lib/Common.pm 87 log - Successfully opened connection to Festival.
client(1) Wed Apr 18 15:11:53 2012 : accepted from localhost
client(1) Wed Apr 18 15:11:53 2012 : disconnected
client(2) Wed Apr 18 15:11:53 2012 : accepted from localhost
client(2) Wed Apr 18 15:11:53 2012 : disconnected
/home/jgomez/desarrollos/kakapo/scripts/../lib/File.pm 28 log - text/plain
/home/jgomez/desarrollos/kakapo/scripts/../lib/Kakapo.pm 174 log - File: /home/jgomez/desarrollos/kakapo/file.txt
/home/jgomez/desarrollos/kakapo/scripts/../lib/Kakapo.pm 215 log - Archivos Ogg
/home/jgomez/desarrollos/kakapo/scripts/../lib/Kakapo.pm 216 log - /home/jgomez/desarrollos/kakapo/kakapo.ogg
LAME 3.98.2 32bits (http://www.mp3dev.org/)
CPU features: MMX (ASM used), SSE (ASM used), SSE2
Using polyphase lowpass filter, transition band:  5742 Hz -  5935 Hz
Encoding /tmp/kakapo.wav to /home/jgomez/desarrollos/kakapo/kakapo.ogg
Encoding as 16 kHz single-ch MPEG-2 Layer III (10.7x)  24 kbps qval=3
    Frame          |  CPU time/estim | REAL time/estim | play/CPU |    ETA 
     0/       ( 0%)|    0:00/     :  |    0:00/     :  |         x|     :  
00:02--------------------------------------------------------------------------[K
   kbps      %     %[K
    0.0           [K[A[A[A     0/65     ( 0%)|    0:00/    0:00|    0:00/    0:00|   0.0000x|    0:00 
00:02--------------------------------------------------------------------------[K
   kbps      %     %[K
    0.0           [K[A[A[A    67/67    (100%)|    0:00/    0:00|    0:00/    0:00|   80.400x|    0:00 
-------------------------------------------------------------------------------[K
   kbps       mono %     long switch short %[K
   24.0      100.0        52.2  23.9  23.9[K
ReplayGain: -3.3dB
/home/jgomez/desarrollos/kakapo/scripts/../lib/Common.pm 85 log - (0) Attempting to connect to the Festival server.
client(3) Wed Apr 18 15:16:20 2012 : accepted from localhost
/home/jgomez/desarrollos/kakapo/scripts/../lib/Common.pm 87 log - Successfully opened connection to Festival.
client(4) Wed Apr 18 15:16:20 2012 : accepted from localhost
client(3) Wed Apr 18 15:16:20 2012 : disconnected
client(4) Wed Apr 18 15:16:20 2012 : disconnected
